<?xml version="1.0" encoding="UTF-8"?>
<robot generator="Robot 3.1.2 (Python 3.8.2 on win32)" generated="20200529 13:19:50.912" rpa="false">
<suite id="s1" name="Login" source="C:\Users\ritu.garg\PycharmProjects\AutomationDay1\TestCases\login.robot">
<test id="s1-t1" name="Login">
<kw name="Open Browser" library="SeleniumLibrary">
<doc>Opens a new browser instance to the optional ``url``.</doc>
<arguments>
<arg>${URL}</arg>
<arg>${Browser}</arg>
</arguments>
<msg timestamp="20200529 13:19:53.020" level="INFO">Opening browser 'Chrome' to base url 'http://hou-t-qasrv-01.csisoftwareusa.com:12121/OLS60_Site3/Login.aspx'.</msg>
<status status="PASS" starttime="20200529 13:19:53.019" endtime="20200529 13:20:10.080"></status>
</kw>
<kw name="Maximize Browser Window" library="SeleniumLibrary">
<doc>Maximizes current browser window.</doc>
<status status="PASS" starttime="20200529 13:20:10.083" endtime="20200529 13:20:11.222"></status>
</kw>
<kw name="Sleep" library="BuiltIn">
<doc>Pauses the test executed for the given time.</doc>
<arguments>
<arg>4</arg>
</arguments>
<msg timestamp="20200529 13:20:15.223" level="INFO">Slept 4 seconds</msg>
<status status="PASS" starttime="20200529 13:20:11.223" endtime="20200529 13:20:15.223"></status>
</kw>
<kw name="read_numberofRows" library="library">
<arguments>
<arg>ValidLogin</arg>
</arguments>
<assign>
<var>${row}</var>
</assign>
<kw name="Fetch Numberofrows" library="readindexing">
<arguments>
<arg>${sheetname}</arg>
</arguments>
<assign>
<var>${maxRows}</var>
</assign>
<msg timestamp="20200529 13:20:15.226" level="INFO">${maxRows} = 2</msg>
<status status="PASS" starttime="20200529 13:20:15.226" endtime="20200529 13:20:15.226"></status>
</kw>
<msg timestamp="20200529 13:20:15.227" level="INFO">${row} = 2</msg>
<status status="PASS" starttime="20200529 13:20:15.225" endtime="20200529 13:20:15.227"></status>
</kw>
<kw name="${i} IN RANGE [ 1 | ${row}+1 ]" type="for">
<kw name="${i} = 1" type="foritem">
<kw name="read_cellData" library="library">
<arguments>
<arg>ValidLogin</arg>
<arg>${i}</arg>
<arg>1</arg>
</arguments>
<assign>
<var>${username}</var>
</assign>
<kw name="Fetch CellData" library="readindexing">
<arguments>
<arg>${sheetname}</arg>
<arg>${rows}</arg>
<arg>${cell}</arg>
</arguments>
<assign>
<var>${cellData}</var>
</assign>
<msg timestamp="20200529 13:20:15.231" level="INFO">${cellData} = ritug</msg>
<status status="PASS" starttime="20200529 13:20:15.229" endtime="20200529 13:20:15.231"></status>
</kw>
<msg timestamp="20200529 13:20:15.231" level="INFO">${username} = ritug</msg>
<status status="PASS" starttime="20200529 13:20:15.228" endtime="20200529 13:20:15.231"></status>
</kw>
<kw name="read_cellData" library="library">
<arguments>
<arg>ValidLogin</arg>
<arg>${i}</arg>
<arg>2</arg>
</arguments>
<assign>
<var>${password}</var>
</assign>
<kw name="Fetch CellData" library="readindexing">
<arguments>
<arg>${sheetname}</arg>
<arg>${rows}</arg>
<arg>${cell}</arg>
</arguments>
<assign>
<var>${cellData}</var>
</assign>
<msg timestamp="20200529 13:20:15.232" level="INFO">${cellData} = ritu4</msg>
<status status="PASS" starttime="20200529 13:20:15.232" endtime="20200529 13:20:15.232"></status>
</kw>
<msg timestamp="20200529 13:20:15.233" level="INFO">${password} = ritu4</msg>
<status status="PASS" starttime="20200529 13:20:15.231" endtime="20200529 13:20:15.233"></status>
</kw>
<kw name="Input Text" library="SeleniumLibrary">
<doc>Types the given ``text`` into the text field identified by ``locator``.</doc>
<arguments>
<arg>xpath://input[@id='ctl00_pageContentHolder_loginControl_UserName']</arg>
<arg>${username}</arg>
</arguments>
<msg timestamp="20200529 13:20:15.233" level="INFO">Typing text 'ritug' into text field 'xpath://input[@id='ctl00_pageContentHolder_loginControl_UserName']'.</msg>
<status status="PASS" starttime="20200529 13:20:15.233" endtime="20200529 13:20:15.448"></status>
</kw>
<kw name="Input Text" library="SeleniumLibrary">
<doc>Types the given ``text`` into the text field identified by ``locator``.</doc>
<arguments>
<arg>xpath://input[@id='ctl00_pageContentHolder_loginControl_Password']</arg>
<arg>${password}</arg>
</arguments>
<msg timestamp="20200529 13:20:15.449" level="INFO">Typing text 'ritu4' into text field 'xpath://input[@id='ctl00_pageContentHolder_loginControl_Password']'.</msg>
<status status="PASS" starttime="20200529 13:20:15.448" endtime="20200529 13:20:15.650"></status>
</kw>
<kw name="Click Button" library="SeleniumLibrary">
<doc>Clicks the button identified by ``locator``.</doc>
<arguments>
<arg>xpath://input[@value='Login']</arg>
</arguments>
<msg timestamp="20200529 13:20:15.651" level="INFO">Clicking button 'xpath://input[@value='Login']'.</msg>
<status status="PASS" starttime="20200529 13:20:15.650" endtime="20200529 13:20:15.841"></status>
</kw>
<kw name="Sleep" library="BuiltIn">
<doc>Pauses the test executed for the given time.</doc>
<arguments>
<arg>8</arg>
</arguments>
<msg timestamp="20200529 13:20:23.844" level="INFO">Slept 8 seconds</msg>
<status status="PASS" starttime="20200529 13:20:15.842" endtime="20200529 13:20:23.844"></status>
</kw>
<kw name="Click Element" library="SeleniumLibrary">
<doc>Click the element identified by ``locator``.</doc>
<arguments>
<arg>xpath://a[@class='cssSignout']</arg>
</arguments>
<msg timestamp="20200529 13:20:23.845" level="INFO">Clicking element 'xpath://a[@class='cssSignout']'.</msg>
<status status="PASS" starttime="20200529 13:20:23.844" endtime="20200529 13:20:29.469"></status>
</kw>
<kw name="Sleep" library="BuiltIn">
<doc>Pauses the test executed for the given time.</doc>
<arguments>
<arg>8</arg>
</arguments>
<msg timestamp="20200529 13:20:37.471" level="INFO">Slept 8 seconds</msg>
<status status="PASS" starttime="20200529 13:20:29.469" endtime="20200529 13:20:37.471"></status>
</kw>
<kw name="Click Element" library="SeleniumLibrary">
<doc>Click the element identified by ``locator``.</doc>
<arguments>
<arg>xpath://a[@class='cssSignout']</arg>
</arguments>
<msg timestamp="20200529 13:20:37.472" level="INFO">Clicking element 'xpath://a[@class='cssSignout']'.</msg>
<status status="PASS" starttime="20200529 13:20:37.471" endtime="20200529 13:20:40.971"></status>
</kw>
<status status="PASS" starttime="20200529 13:20:15.228" endtime="20200529 13:20:40.971"></status>
</kw>
<kw name="${i} = 2" type="foritem">
<kw name="read_cellData" library="library">
<arguments>
<arg>ValidLogin</arg>
<arg>${i}</arg>
<arg>1</arg>
</arguments>
<assign>
<var>${username}</var>
</assign>
<kw name="Fetch CellData" library="readindexing">
<arguments>
<arg>${sheetname}</arg>
<arg>${rows}</arg>
<arg>${cell}</arg>
</arguments>
<assign>
<var>${cellData}</var>
</assign>
<msg timestamp="20200529 13:20:40.973" level="INFO">${cellData} = sagar.shelar</msg>
<status status="PASS" starttime="20200529 13:20:40.973" endtime="20200529 13:20:40.974"></status>
</kw>
<msg timestamp="20200529 13:20:40.974" level="INFO">${username} = sagar.shelar</msg>
<status status="PASS" starttime="20200529 13:20:40.972" endtime="20200529 13:20:40.974"></status>
</kw>
<kw name="read_cellData" library="library">
<arguments>
<arg>ValidLogin</arg>
<arg>${i}</arg>
<arg>2</arg>
</arguments>
<assign>
<var>${password}</var>
</assign>
<kw name="Fetch CellData" library="readindexing">
<arguments>
<arg>${sheetname}</arg>
<arg>${rows}</arg>
<arg>${cell}</arg>
</arguments>
<assign>
<var>${cellData}</var>
</assign>
<msg timestamp="20200529 13:20:40.976" level="INFO">${cellData} = test1234</msg>
<status status="PASS" starttime="20200529 13:20:40.975" endtime="20200529 13:20:40.976"></status>
</kw>
<msg timestamp="20200529 13:20:40.977" level="INFO">${password} = test1234</msg>
<status status="PASS" starttime="20200529 13:20:40.974" endtime="20200529 13:20:40.977"></status>
</kw>
<kw name="Input Text" library="SeleniumLibrary">
<doc>Types the given ``text`` into the text field identified by ``locator``.</doc>
<arguments>
<arg>xpath://input[@id='ctl00_pageContentHolder_loginControl_UserName']</arg>
<arg>${username}</arg>
</arguments>
<msg timestamp="20200529 13:20:40.978" level="INFO">Typing text 'sagar.shelar' into text field 'xpath://input[@id='ctl00_pageContentHolder_loginControl_UserName']'.</msg>
<status status="PASS" starttime="20200529 13:20:40.977" endtime="20200529 13:20:41.209"></status>
</kw>
<kw name="Input Text" library="SeleniumLibrary">
<doc>Types the given ``text`` into the text field identified by ``locator``.</doc>
<arguments>
<arg>xpath://input[@id='ctl00_pageContentHolder_loginControl_Password']</arg>
<arg>${password}</arg>
</arguments>
<msg timestamp="20200529 13:20:41.209" level="INFO">Typing text 'test1234' into text field 'xpath://input[@id='ctl00_pageContentHolder_loginControl_Password']'.</msg>
<status status="PASS" starttime="20200529 13:20:41.209" endtime="20200529 13:20:41.411"></status>
</kw>
<kw name="Click Button" library="SeleniumLibrary">
<doc>Clicks the button identified by ``locator``.</doc>
<arguments>
<arg>xpath://input[@value='Login']</arg>
</arguments>
<msg timestamp="20200529 13:20:41.412" level="INFO">Clicking button 'xpath://input[@value='Login']'.</msg>
<status status="PASS" starttime="20200529 13:20:41.411" endtime="20200529 13:20:41.559"></status>
</kw>
<kw name="Sleep" library="BuiltIn">
<doc>Pauses the test executed for the given time.</doc>
<arguments>
<arg>8</arg>
</arguments>
<msg timestamp="20200529 13:20:49.561" level="INFO">Slept 8 seconds</msg>
<status status="PASS" starttime="20200529 13:20:41.560" endtime="20200529 13:20:49.561"></status>
</kw>
<kw name="Click Element" library="SeleniumLibrary">
<doc>Click the element identified by ``locator``.</doc>
<arguments>
<arg>xpath://a[@class='cssSignout']</arg>
</arguments>
<msg timestamp="20200529 13:20:49.562" level="INFO">Clicking element 'xpath://a[@class='cssSignout']'.</msg>
<kw name="Capture Page Screenshot" library="SeleniumLibrary">
<doc>Takes a screenshot of the current page and embeds it into a log file.</doc>
<msg timestamp="20200529 13:20:50.043" level="INFO" html="yes">&lt;/td&gt;&lt;/tr&gt;&lt;tr&gt;&lt;td colspan="3"&gt;&lt;a href="selenium-screenshot-14.png"&gt;&lt;img src="selenium-screenshot-14.png" width="800px"&gt;&lt;/a&gt;</msg>
<status status="PASS" starttime="20200529 13:20:49.578" endtime="20200529 13:20:50.043"></status>
</kw>
<msg timestamp="20200529 13:20:50.067" level="FAIL">Element with locator 'xpath://a[@class='cssSignout']' not found.</msg>
<status status="FAIL" starttime="20200529 13:20:49.562" endtime="20200529 13:20:50.067"></status>
</kw>
<status status="FAIL" starttime="20200529 13:20:40.971" endtime="20200529 13:20:50.067"></status>
</kw>
<status status="FAIL" starttime="20200529 13:20:15.228" endtime="20200529 13:20:50.067"></status>
</kw>
<status status="FAIL" starttime="20200529 13:19:53.017" endtime="20200529 13:20:50.068" critical="yes">Element with locator 'xpath://a[@class='cssSignout']' not found.</status>
</test>
<status status="FAIL" starttime="20200529 13:19:50.927" endtime="20200529 13:20:50.073"></status>
</suite>
<statistics>
<total>
<stat pass="0" fail="1">Critical Tests</stat>
<stat pass="0" fail="1">All Tests</stat>
</total>
<tag>
</tag>
<suite>
<stat pass="0" fail="1" id="s1" name="Login">Login</stat>
</suite>
</statistics>
<errors>
<msg timestamp="20200529 13:19:50.887" level="WARN">Collapsing consecutive whitespace during parsing is deprecated. Fix ' #' in file 'C:\Users\ritu.garg\PycharmProjects\AutomationDay1\TestCases\login.robot' on line 28.</msg>
<msg timestamp="20200529 13:19:51.774" level="WARN">Collapsing consecutive whitespace during parsing is deprecated. Fix ' #' in file 'C:\Users\ritu.garg\PycharmProjects\AutomationDay1\resources\library.robot' on line 51.</msg>
</errors>
</robot>
