<?xml version="1.0" encoding="UTF-8"?>
<robot generator="Robot 3.1.2 (Python 3.8.2 on win32)" generated="20200529 12:26:57.525" rpa="false">
<suite id="s1" name="Library" source="C:\Users\ritu.garg\PycharmProjects\AutomationDay1\resources\library.robot">
<test id="s1-t1" name="TC_1">
<kw name="Fetch Numberofrows" library="readindexing">
<arguments>
<arg>ValidLogin</arg>
</arguments>
<assign>
<var>${var1}</var>
</assign>
<msg timestamp="20200529 12:27:00.311" level="INFO">${var1} = 3</msg>
<status status="PASS" starttime="20200529 12:27:00.311" endtime="20200529 12:27:00.311"></status>
</kw>
<kw name="Log To Console" library="BuiltIn">
<doc>Logs the given message to the console.</doc>
<arguments>
<arg>${var1}</arg>
</arguments>
<status status="PASS" starttime="20200529 12:27:00.312" endtime="20200529 12:27:00.312"></status>
</kw>
<status status="PASS" starttime="20200529 12:27:00.310" endtime="20200529 12:27:00.313" critical="yes"></status>
</test>
<doc>resouces file is defining keywords</doc>
<status status="PASS" starttime="20200529 12:26:57.544" endtime="20200529 12:27:00.315"></status>
</suite>
<statistics>
<total>
<stat pass="1" fail="0">Critical Tests</stat>
<stat pass="1" fail="0">All Tests</stat>
</total>
<tag>
</tag>
<suite>
<stat pass="1" fail="0" id="s1" name="Library">Library</stat>
</suite>
</statistics>
<errors>
<msg timestamp="20200529 12:26:58.813" level="ERROR">Error in file 'C:\Users\ritu.garg\PycharmProjects\AutomationDay1\resources\library.robot': Resource file 'C:\Users\ritu.garg\PycharmProjects\AutomationDay1\resources\library.robot' cannot contain tests or tasks.</msg>
</errors>
</robot>
